<?xml version="1.0" encoding="UTF-8"?>
<testsuite xmlns:xsi="http://www.w3.org/2001/XMLSchema-instance" xsi:noNamespaceSchemaLocation="https://maven.apache.org/surefire/maven-surefire-plugin/xsd/surefire-test-report.xsd" name="com.example.demo.utils.MatrixOperationTest" time="0" tests="3" errors="0" skipped="0" failures="0">
  <properties>
[...]
</properties>
  <testcase name="testMatrixMatmul" classname="com.example.demo.utils.MatrixOperationTest" time="0"/>
  <testcase name="iloc" classname="com.example.demo.utils.MatrixOperationTest" time="0"/>
  <testcase name="matrixMatmul" classname="com.example.demo.utils.MatrixOperationTest" time="0"/>
</testsuite>